This file contains any messages produced by compilers while
running configure, to aid debugging if configure makes a mistake.

It was created by opus configure 1.3, which was
generated by GNU Autoconf 2.69.  Invocation command line was

  $ ./configure 

## --------- ##
## Platform. ##
## --------- ##

hostname = vitaliyb-pc
uname -m = x86_64
uname -r = 4.19.14-1-MANJARO
uname -s = Linux
uname -v = #1 SMP PREEMPT Wed Jan 9 17:17:37 UTC 2019

/usr/bin/uname -p = unknown
/bin/uname -X     = unknown

/bin/arch              = unknown
/usr/bin/arch -k       = unknown
/usr/convex/getsysinfo = unknown
/usr/bin/hostinfo      = unknown
/bin/machine           = unknown
/usr/bin/oslevel       = unknown
/bin/universe          = unknown

PATH: /usr/local/bin
PATH: /usr/local/sbin
PATH: /usr/bin
PATH: /usr/lib/jvm/default/bin
PATH: /usr/bin/site_perl
PATH: /usr/bin/vendor_perl
PATH: /usr/bin/core_perl


## ----------- ##
## Core tests. ##
## ----------- ##

configure:2364: checking whether make supports nested variables
configure:2381: result: yes
configure:2447: checking for a BSD-compatible install
configure:2515: result: /usr/bin/install -c
configure:2526: checking whether build environment is sane
configure:2581: result: yes
configure:2732: checking for a thread-safe mkdir -p
configure:2771: result: /usr/bin/mkdir -p
configure:2778: checking for gawk
configure:2794: found /usr/bin/gawk
configure:2805: result: gawk
configure:2816: checking whether make sets $(MAKE)
configure:2838: result: yes
configure:2963: checking whether to enable maintainer-specific portions of Makefiles
configure:2972: result: yes
configure:2990: checking build system type
configure:3004: result: x86_64-pc-linux-gnu
configure:3024: checking host system type
configure:3037: result: x86_64-pc-linux-gnu
configure:3109: checking how to print strings
configure:3136: result: printf
configure:3169: checking for style of include used by make
configure:3197: result: GNU
configure:3268: checking for gcc
configure:3284: found /usr/bin/gcc
configure:3295: result: gcc
configure:3524: checking for C compiler version
configure:3533: gcc --version >&5
gcc (GCC) 8.2.1 20181127
Copyright (C) 2018 Free Software Foundation, Inc.
This is free software; see the source for copying conditions.  There is NO
warranty; not even for MERCHANTABILITY or FITNESS FOR A PARTICULAR PURPOSE.

configure:3544: $? = 0
configure:3533: gcc -v >&5
Using built-in specs.
COLLECT_GCC=gcc
COLLECT_LTO_WRAPPER=/usr/lib/gcc/x86_64-pc-linux-gnu/8.2.1/lto-wrapper
Target: x86_64-pc-linux-gnu
Configured with: /build/gcc/src/gcc/configure --prefix=/usr --libdir=/usr/lib --libexecdir=/usr/lib --mandir=/usr/share/man --infodir=/usr/share/info --with-bugurl=https://bugs.archlinux.org/ --enable-languages=c,c++,ada,fortran,go,lto,objc,obj-c++ --enable-shared --enable-threads=posix --enable-libmpx --with-system-zlib --with-isl --enable-__cxa_atexit --disable-libunwind-exceptions --enable-clocale=gnu --disable-libstdcxx-pch --disable-libssp --enable-gnu-unique-object --enable-linker-build-id --enable-lto --enable-plugin --enable-install-libiberty --with-linker-hash-style=gnu --enable-gnu-indirect-function --enable-multilib --disable-werror --enable-checking=release --enable-default-pie --enable-default-ssp --enable-cet=auto
Thread model: posix
gcc version 8.2.1 20181127 (GCC) 
configure:3544: $? = 0
configure:3533: gcc -V >&5
gcc: error: unrecognized command line option '-V'
gcc: fatal error: no input files
compilation terminated.
configure:3544: $? = 1
configure:3533: gcc -qversion >&5
gcc: error: unrecognized command line option '-qversion'; did you mean '--version'?
gcc: fatal error: no input files
compilation terminated.
configure:3544: $? = 1
configure:3564: checking whether the C compiler works
configure:3586: gcc    conftest.c  >&5
configure:3590: $? = 0
configure:3638: result: yes
configure:3641: checking for C compiler default output file name
configure:3643: result: a.out
configure:3649: checking for suffix of executables
configure:3656: gcc -o conftest    conftest.c  >&5
configure:3660: $? = 0
configure:3682: result: 
configure:3704: checking whether we are cross compiling
configure:3712: gcc -o conftest    conftest.c  >&5
configure:3716: $? = 0
configure:3723: ./conftest
configure:3727: $? = 0
configure:3742: result: no
configure:3747: checking for suffix of object files
configure:3769: gcc -c   conftest.c >&5
configure:3773: $? = 0
configure:3794: result: o
configure:3798: checking whether we are using the GNU C compiler
configure:3817: gcc -c   conftest.c >&5
configure:3817: $? = 0
configure:3826: result: yes
configure:3835: checking whether gcc accepts -g
configure:3855: gcc -c -g  conftest.c >&5
configure:3855: $? = 0
configure:3896: result: yes
configure:3913: checking for gcc option to accept ISO C89
configure:3976: gcc  -c -g -O2  conftest.c >&5
configure:3976: $? = 0
configure:3989: result: none needed
configure:4014: checking whether gcc understands -c and -o together
configure:4036: gcc -c conftest.c -o conftest2.o
configure:4039: $? = 0
configure:4036: gcc -c conftest.c -o conftest2.o
configure:4039: $? = 0
configure:4051: result: yes
configure:4070: checking dependency style of gcc
configure:4181: result: gcc3
configure:4196: checking for a sed that does not truncate output
configure:4260: result: /usr/bin/sed
configure:4278: checking for grep that handles long lines and -e
configure:4336: result: /usr/bin/grep
configure:4341: checking for egrep
configure:4403: result: /usr/bin/grep -E
configure:4408: checking for fgrep
configure:4470: result: /usr/bin/grep -F
configure:4505: checking for ld used by gcc
configure:4572: result: /usr/bin/ld
configure:4579: checking if the linker (/usr/bin/ld) is GNU ld
configure:4594: result: yes
configure:4606: checking for BSD- or MS-compatible name lister (nm)
configure:4660: result: /usr/bin/nm -B
configure:4790: checking the name lister (/usr/bin/nm -B) interface
configure:4797: gcc -c -g -O2  conftest.c >&5
configure:4800: /usr/bin/nm -B "conftest.o"
configure:4803: output
0000000000000000 B some_variable
configure:4810: result: BSD nm
configure:4813: checking whether ln -s works
configure:4817: result: yes
configure:4825: checking the maximum length of command line arguments
configure:4956: result: 1572864
configure:5004: checking how to convert x86_64-pc-linux-gnu file names to x86_64-pc-linux-gnu format
configure:5044: result: func_convert_file_noop
configure:5051: checking how to convert x86_64-pc-linux-gnu file names to toolchain format
configure:5071: result: func_convert_file_noop
configure:5078: checking for /usr/bin/ld option to reload object files
configure:5085: result: -r
configure:5159: checking for objdump
configure:5175: found /usr/bin/objdump
configure:5186: result: objdump
configure:5218: checking how to recognize dependent libraries
configure:5418: result: pass_all
configure:5503: checking for dlltool
configure:5533: result: no
configure:5563: checking how to associate runtime and link libraries
configure:5590: result: printf %s\n
configure:5651: checking for ar
configure:5667: found /usr/bin/ar
configure:5678: result: ar
configure:5715: checking for archiver @FILE support
configure:5732: gcc -c -g -O2  conftest.c >&5
configure:5732: $? = 0
configure:5735: ar cru libconftest.a @conftest.lst >&5
ar: `u' modifier ignored since `D' is the default (see `U')
configure:5738: $? = 0
configure:5743: ar cru libconftest.a @conftest.lst >&5
ar: `u' modifier ignored since `D' is the default (see `U')
ar: conftest.o: No such file or directory
configure:5746: $? = 1
configure:5758: result: @
configure:5816: checking for strip
configure:5832: found /usr/bin/strip
configure:5843: result: strip
configure:5915: checking for ranlib
configure:5931: found /usr/bin/ranlib
configure:5942: result: ranlib
configure:6044: checking command to parse /usr/bin/nm -B output from gcc object
configure:6197: gcc -c -g -O2  conftest.c >&5
configure:6200: $? = 0
configure:6204: /usr/bin/nm -B conftest.o \| sed -n -e 's/^.*[ ]\([ABCDGIRSTW][ABCDGIRSTW]*\)[ ][ ]*\([_A-Za-z][_A-Za-z0-9]*\)$/\1 \2 \2/p' | sed '/ __gnu_lto/d' \> conftest.nm
configure:6207: $? = 0
configure:6273: gcc -o conftest -g -O2   conftest.c conftstm.o >&5
configure:6276: $? = 0
configure:6314: result: ok
configure:6361: checking for sysroot
configure:6391: result: no
configure:6398: checking for a working dd
configure:6436: result: /usr/bin/dd
configure:6440: checking how to truncate binary pipes
configure:6455: result: /usr/bin/dd bs=4096 count=1
configure:6591: gcc -c -g -O2  conftest.c >&5
configure:6594: $? = 0
configure:6784: checking for mt
configure:6814: result: no
configure:6834: checking if : is a manifest tool
configure:6840: : '-?'
configure:6848: result: no
configure:7525: checking how to run the C preprocessor
configure:7556: gcc -E  conftest.c
configure:7556: $? = 0
configure:7570: gcc -E  conftest.c
conftest.c:9:10: fatal error: ac_nonexistent.h: No such file or directory
 #include <ac_nonexistent.h>
          ^~~~~~~~~~~~~~~~~~
compilation terminated.
configure:7570: $? = 1
configure: failed program was:
| /* confdefs.h */
| #define PACKAGE_NAME "opus"
| #define PACKAGE_TARNAME "opus"
| #define PACKAGE_VERSION "1.3"
| #define PACKAGE_STRING "opus 1.3"
| #define PACKAGE_BUGREPORT "opus@xiph.org"
| #define PACKAGE_URL ""
| /* end confdefs.h.  */
| #include <ac_nonexistent.h>
configure:7595: result: gcc -E
configure:7615: gcc -E  conftest.c
configure:7615: $? = 0
configure:7629: gcc -E  conftest.c
conftest.c:9:10: fatal error: ac_nonexistent.h: No such file or directory
 #include <ac_nonexistent.h>
          ^~~~~~~~~~~~~~~~~~
compilation terminated.
configure:7629: $? = 1
configure: failed program was:
| /* confdefs.h */
| #define PACKAGE_NAME "opus"
| #define PACKAGE_TARNAME "opus"
| #define PACKAGE_VERSION "1.3"
| #define PACKAGE_STRING "opus 1.3"
| #define PACKAGE_BUGREPORT "opus@xiph.org"
| #define PACKAGE_URL ""
| /* end confdefs.h.  */
| #include <ac_nonexistent.h>
configure:7658: checking for ANSI C header files
configure:7678: gcc -c -g -O2  conftest.c >&5
configure:7678: $? = 0
configure:7751: gcc -o conftest -g -O2   conftest.c  >&5
configure:7751: $? = 0
configure:7751: ./conftest
configure:7751: $? = 0
configure:7762: result: yes
configure:7775: checking for sys/types.h
configure:7775: gcc -c -g -O2  conftest.c >&5
configure:7775: $? = 0
configure:7775: result: yes
configure:7775: checking for sys/stat.h
configure:7775: gcc -c -g -O2  conftest.c >&5
configure:7775: $? = 0
configure:7775: result: yes
configure:7775: checking for stdlib.h
configure:7775: gcc -c -g -O2  conftest.c >&5
configure:7775: $? = 0
configure:7775: result: yes
configure:7775: checking for string.h
configure:7775: gcc -c -g -O2  conftest.c >&5
configure:7775: $? = 0
configure:7775: result: yes
configure:7775: checking for memory.h
configure:7775: gcc -c -g -O2  conftest.c >&5
configure:7775: $? = 0
configure:7775: result: yes
configure:7775: checking for strings.h
configure:7775: gcc -c -g -O2  conftest.c >&5
configure:7775: $? = 0
configure:7775: result: yes
configure:7775: checking for inttypes.h
configure:7775: gcc -c -g -O2  conftest.c >&5
configure:7775: $? = 0
configure:7775: result: yes
configure:7775: checking for stdint.h
configure:7775: gcc -c -g -O2  conftest.c >&5
configure:7775: $? = 0
configure:7775: result: yes
configure:7775: checking for unistd.h
configure:7775: gcc -c -g -O2  conftest.c >&5
configure:7775: $? = 0
configure:7775: result: yes
configure:7789: checking for dlfcn.h
configure:7789: gcc -c -g -O2  conftest.c >&5
configure:7789: $? = 0
configure:7789: result: yes
configure:8045: checking for objdir
configure:8060: result: .libs
configure:8324: checking if gcc supports -fno-rtti -fno-exceptions
configure:8342: gcc -c -g -O2  -fno-rtti -fno-exceptions conftest.c >&5
cc1: warning: command line option '-fno-rtti' is valid for C++/ObjC++ but not for C
configure:8346: $? = 0
configure:8359: result: no
configure:8717: checking for gcc option to produce PIC
configure:8724: result: -fPIC -DPIC
configure:8732: checking if gcc PIC flag -fPIC -DPIC works
configure:8750: gcc -c -g -O2  -fPIC -DPIC -DPIC conftest.c >&5
configure:8754: $? = 0
configure:8767: result: yes
configure:8796: checking if gcc static flag -static works
configure:8824: result: yes
configure:8839: checking if gcc supports -c -o file.o
configure:8860: gcc -c -g -O2  -o out/conftest2.o conftest.c >&5
configure:8864: $? = 0
configure:8886: result: yes
configure:8894: checking if gcc supports -c -o file.o
configure:8941: result: yes
configure:8974: checking whether the gcc linker (/usr/bin/ld -m elf_x86_64) supports shared libraries
configure:10233: result: yes
configure:10270: checking whether -lc should be explicitly linked in
configure:10278: gcc -c -g -O2  conftest.c >&5
configure:10281: $? = 0
configure:10296: gcc -shared  -fPIC -DPIC conftest.o  -v -Wl,-soname -Wl,conftest -o conftest 2\>\&1 \| /usr/bin/grep  -lc  \>/dev/null 2\>\&1
configure:10299: $? = 0
configure:10313: result: no
configure:10473: checking dynamic linker characteristics
configure:11054: gcc -o conftest -g -O2   -Wl,-rpath -Wl,/foo conftest.c  >&5
configure:11054: $? = 0
configure:11294: result: GNU/Linux ld.so
configure:11416: checking how to hardcode library paths into programs
configure:11441: result: immediate
configure:11989: checking whether stripping libraries is possible
configure:11994: result: yes
configure:12029: checking if libtool supports shared libraries
configure:12031: result: yes
configure:12034: checking whether to build shared libraries
configure:12059: result: yes
configure:12062: checking whether to build static libraries
configure:12066: result: yes
configure:12105: checking for gcc option to accept ISO C99
configure:12254: gcc  -c -g -O2  conftest.c >&5
configure:12254: $? = 0
configure:12267: result: none needed
configure:12282: checking for an ANSI C-conforming const
configure:12348: gcc -c -g -O2  conftest.c >&5
configure:12348: $? = 0
configure:12355: result: yes
configure:12363: checking for inline
configure:12379: gcc -c -g -O2  conftest.c >&5
configure:12379: $? = 0
configure:12387: result: inline
configure:12415: checking dependency style of gcc
configure:12524: result: gcc3
configure:12548: checking for C/C++ restrict keyword
configure:12573: gcc -c -g -O2  conftest.c >&5
configure:12573: $? = 0
configure:12581: result: __restrict
configure:12596: checking for C99 variable-size arrays
configure:12609: gcc -c -g -O2  conftest.c >&5
configure:12609: $? = 0
configure:12622: result: yes
configure:12757: checking for cos in -lm
configure:12782: gcc -o conftest -g -O2   conftest.c -lm   >&5
conftest.c:31:6: warning: conflicting types for built-in function 'cos' [-Wbuiltin-declaration-mismatch]
 char cos ();
      ^~~
configure:12782: $? = 0
configure:12791: result: yes
configure:13842: checking if compiler supports SSE intrinsics
configure:13863: gcc -o conftest -g -O2   conftest.c  >&5
configure:13863: $? = 0
configure:13867: result: yes
configure:13926: checking if compiler supports SSE2 intrinsics
configure:13947: gcc -o conftest -g -O2   conftest.c  >&5
configure:13947: $? = 0
configure:13951: result: yes
configure:14010: checking if compiler supports SSE4.1 intrinsics
configure:14031: gcc -o conftest -g -O2   conftest.c  >&5
In file included from conftest.c:24:
conftest.c: In function 'main':
/usr/lib/gcc/x86_64-pc-linux-gnu/8.2.1/include/smmintrin.h:334:1: error: inlining failed in call to always_inline '_mm_mul_epi32': target specific option mismatch
 _mm_mul_epi32 (__m128i __X, __m128i __Y)
 ^~~~~~~~~~~~~
conftest.c:33:21: note: called from here
             mtest = _mm_mul_epi32(mtest, mtest);
                     ^~~~~~~~~~~~~~~~~~~~~~~~~~~
In file included from conftest.c:24:
/usr/lib/gcc/x86_64-pc-linux-gnu/8.2.1/include/smmintrin.h:334:1: error: inlining failed in call to always_inline '_mm_mul_epi32': target specific option mismatch
 _mm_mul_epi32 (__m128i __X, __m128i __Y)
 ^~~~~~~~~~~~~
conftest.c:33:21: note: called from here
             mtest = _mm_mul_epi32(mtest, mtest);
                     ^~~~~~~~~~~~~~~~~~~~~~~~~~~
configure:14031: $? = 1
configure: failed program was:
| /* confdefs.h */
| #define PACKAGE_NAME "opus"
| #define PACKAGE_TARNAME "opus"
| #define PACKAGE_VERSION "1.3"
| #define PACKAGE_STRING "opus 1.3"
| #define PACKAGE_BUGREPORT "opus@xiph.org"
| #define PACKAGE_URL ""
| #define STDC_HEADERS 1
| #define HAVE_SYS_TYPES_H 1
| #define HAVE_SYS_STAT_H 1
| #define HAVE_STDLIB_H 1
| #define HAVE_STRING_H 1
| #define HAVE_MEMORY_H 1
| #define HAVE_STRINGS_H 1
| #define HAVE_INTTYPES_H 1
| #define HAVE_STDINT_H 1
| #define HAVE_UNISTD_H 1
| #define HAVE_DLFCN_H 1
| #define LT_OBJDIR ".libs/"
| #define OPUS_BUILD /**/
| #define restrict __restrict
| #define VAR_ARRAYS 1
| /* end confdefs.h.  */
| #include <smmintrin.h>
|            #include <time.h>
| 
| int
| main ()
| {
| 
|             __m128i mtest;
|             mtest = _mm_set1_epi32((int)time(NULL));
|             mtest = _mm_mul_epi32(mtest, mtest);
|             return _mm_cvtsi128_si32(mtest);
| 
| 
|   ;
|   return 0;
| }
configure:14041: result: no
configure:14043: checking if compiler supports SSE4.1 intrinsics with -msse4.1
configure:14065: gcc -o conftest -g -O2 -msse4.1   conftest.c  >&5
configure:14065: $? = 0
configure:14067: result: yes
configure:14094: checking if compiler supports AVX intrinsics
configure:14115: gcc -o conftest -g -O2   conftest.c  >&5
conftest.c: In function 'main':
conftest.c:32:20: warning: AVX vector return without AVX enabled changes the ABI [-Wpsabi]
              mtest = _mm256_set1_ps((float)time(NULL));
              ~~~~~~^~~~~~~~~~~~~~~~~~~~~~~~~~~~~~~~~~~
In file included from /usr/lib/gcc/x86_64-pc-linux-gnu/8.2.1/include/immintrin.h:41,
                 from conftest.c:24:
/usr/lib/gcc/x86_64-pc-linux-gnu/8.2.1/include/avxintrin.h:516:1: error: inlining failed in call to always_inline '_mm256_extractf128_ps': target specific option mismatch
 _mm256_extractf128_ps (__m256 __X, const int __N)
 ^~~~~~~~~~~~~~~~~~~~~
conftest.c:34:21: note: called from here
              return _mm_cvtss_si32(_mm256_extractf128_ps(mtest, 0));
                     ^~~~~~~~~~~~~~~~~~~~~~~~~~~~~~~~~~~~~~~~~~~~~~~
In file included from /usr/lib/gcc/x86_64-pc-linux-gnu/8.2.1/include/immintrin.h:41,
                 from conftest.c:24:
/usr/lib/gcc/x86_64-pc-linux-gnu/8.2.1/include/avxintrin.h:158:1: error: inlining failed in call to always_inline '_mm256_addsub_ps': target specific option mismatch
 _mm256_addsub_ps (__m256 __A, __m256 __B)
 ^~~~~~~~~~~~~~~~
conftest.c:33:22: note: called from here
              mtest = _mm256_addsub_ps(mtest, mtest);
                      ^~~~~~~~~~~~~~~~~~~~~~~~~~~~~~
In file included from /usr/lib/gcc/x86_64-pc-linux-gnu/8.2.1/include/immintrin.h:41,
                 from conftest.c:24:
/usr/lib/gcc/x86_64-pc-linux-gnu/8.2.1/include/avxintrin.h:1310:1: error: inlining failed in call to always_inline '_mm256_set1_ps': target specific option mismatch
 _mm256_set1_ps (float __A)
 ^~~~~~~~~~~~~~
conftest.c:32:22: note: called from here
              mtest = _mm256_set1_ps((float)time(NULL));
                      ^~~~~~~~~~~~~~~~~~~~~~~~~~~~~~~~~
configure:14115: $? = 1
configure: failed program was:
| /* confdefs.h */
| #define PACKAGE_NAME "opus"
| #define PACKAGE_TARNAME "opus"
| #define PACKAGE_VERSION "1.3"
| #define PACKAGE_STRING "opus 1.3"
| #define PACKAGE_BUGREPORT "opus@xiph.org"
| #define PACKAGE_URL ""
| #define STDC_HEADERS 1
| #define HAVE_SYS_TYPES_H 1
| #define HAVE_SYS_STAT_H 1
| #define HAVE_STDLIB_H 1
| #define HAVE_STRING_H 1
| #define HAVE_MEMORY_H 1
| #define HAVE_STRINGS_H 1
| #define HAVE_INTTYPES_H 1
| #define HAVE_STDINT_H 1
| #define HAVE_UNISTD_H 1
| #define HAVE_DLFCN_H 1
| #define LT_OBJDIR ".libs/"
| #define OPUS_BUILD /**/
| #define restrict __restrict
| #define VAR_ARRAYS 1
| /* end confdefs.h.  */
| #include <immintrin.h>
|            #include <time.h>
| 
| int
| main ()
| {
| 
|              __m256 mtest;
|              mtest = _mm256_set1_ps((float)time(NULL));
|              mtest = _mm256_addsub_ps(mtest, mtest);
|              return _mm_cvtss_si32(_mm256_extractf128_ps(mtest, 0));
| 
| 
|   ;
|   return 0;
| }
configure:14125: result: no
configure:14127: checking if compiler supports AVX intrinsics with -mavx
configure:14149: gcc -o conftest -g -O2 -mavx   conftest.c  >&5
configure:14149: $? = 0
configure:14151: result: yes
configure:14282: checking How to get X86 CPU Info
configure:14311: gcc -o conftest -g -O2   conftest.c  >&5
configure:14311: $? = 0
configure:14313: result: Inline Assembly
configure:14520: checking for doxygen
configure:14548: result: no
configure:14558: checking for dot
configure:14586: result: no
configure:14647: checking if gcc supports -fvisibility=hidden
configure:14653: gcc -c -g -O2 -fvisibility=hidden  conftest.c >&5
configure:14653: $? = 0
configure:14654: result: yes
configure:14696: checking if gcc supports -fstack-protector-strong
configure:14709: gcc -o conftest -g -O2 -fvisibility=hidden -fstack-protector-strong   conftest.c  >&5
configure:14709: $? = 0
configure:14710: result: yes
configure:14727: checking whether to add -D_FORTIFY_SOURCE=2 to CFLAGS
configure:14743: gcc -o conftest -g -O2 -fvisibility=hidden -fstack-protector-strong   conftest.c  >&5
configure:14743: $? = 0
configure:14745: result: yes
configure:14766: checking if gcc supports -Wall -Wextra -Wcast-align -Wnested-externs -Wshadow -Wstrict-prototypes
configure:14772: gcc -c -g -O2 -fvisibility=hidden -fstack-protector-strong -D_FORTIFY_SOURCE=2 -W -Wall -Wextra -Wcast-align -Wnested-externs -Wshadow -Wstrict-prototypes  conftest.c >&5
configure:14772: $? = 0
configure:14773: result: yes
configure:14787: checking for lrintf
configure:14787: gcc -o conftest -g -O2 -fvisibility=hidden -fstack-protector-strong -D_FORTIFY_SOURCE=2 -W -Wall -Wextra -Wcast-align -Wnested-externs -Wshadow -Wstrict-prototypes   conftest.c  -lm >&5
conftest.c:56:1: warning: function declaration isn't a prototype [-Wstrict-prototypes]
 char lrintf ();
 ^~~~
conftest.c:56:6: warning: conflicting types for built-in function 'lrintf' [-Wbuiltin-declaration-mismatch]
 char lrintf ();
      ^~~~~~
conftest.c:65:1: warning: function declaration isn't a prototype [-Wstrict-prototypes]
 main ()
 ^~~~
configure:14787: $? = 0
configure:14787: result: yes
configure:14798: checking for lrint
configure:14798: gcc -o conftest -g -O2 -fvisibility=hidden -fstack-protector-strong -D_FORTIFY_SOURCE=2 -W -Wall -Wextra -Wcast-align -Wnested-externs -Wshadow -Wstrict-prototypes   conftest.c  -lm >&5
conftest.c:57:1: warning: function declaration isn't a prototype [-Wstrict-prototypes]
 char lrint ();
 ^~~~
conftest.c:57:6: warning: conflicting types for built-in function 'lrint' [-Wbuiltin-declaration-mismatch]
 char lrint ();
      ^~~~~
conftest.c:66:1: warning: function declaration isn't a prototype [-Wstrict-prototypes]
 main ()
 ^~~~
configure:14798: $? = 0
configure:14798: result: yes
configure:14811: checking for __malloc_hook
configure:14811: gcc -o conftest -g -O2 -fvisibility=hidden -fstack-protector-strong -D_FORTIFY_SOURCE=2 -W -Wall -Wextra -Wcast-align -Wnested-externs -Wshadow -Wstrict-prototypes   conftest.c  >&5
conftest.c:58:1: warning: function declaration isn't a prototype [-Wstrict-prototypes]
 char __malloc_hook ();
 ^~~~
conftest.c:67:1: warning: function declaration isn't a prototype [-Wstrict-prototypes]
 main ()
 ^~~~
configure:14811: $? = 0
configure:14811: result: yes
configure:14937: checking that generated files are newer than configure
configure:14943: result: done
configure:15054: creating ./config.status

## ---------------------- ##
## Running config.status. ##
## ---------------------- ##

This file was extended by opus config.status 1.3, which was
generated by GNU Autoconf 2.69.  Invocation command line was

  CONFIG_FILES    = 
  CONFIG_HEADERS  = 
  CONFIG_LINKS    = 
  CONFIG_COMMANDS = 
  $ ./config.status 

on vitaliyb-pc

config.status:1163: creating Makefile
config.status:1163: creating opus.pc
config.status:1163: creating opus-uninstalled.pc
config.status:1163: creating celt/arm/armopts.s
config.status:1163: creating doc/Makefile
config.status:1163: creating doc/Doxyfile
config.status:1163: creating config.h
config.status:1392: executing depfiles commands
config.status:1392: executing libtool commands
configure:17234:
------------------------------------------------------------------------
  opus 1.3:  Automatic configuration OK.

    Compiler support:

      C99 var arrays: ................ yes
      C99 lrintf: .................... yes
      Use alloca: .................... no (using var arrays)

    General configuration:

      Floating point support: ........ yes
      Fast float approximations: ..... no
      Fixed point debugging: ......... no
      Inline Assembly Optimizations: . No inline ASM for your platform, please send patches
      External Assembly Optimizations: 
      Intrinsics Optimizations: ...... x86 SSE SSE2 SSE4.1 AVX
      Run-time CPU detection: ........ x86 SSE4.1 AVX
      Custom modes: .................. no
      Assertion checking: ............ no
      Hardening: ..................... yes
      Fuzzing: ....................... no
      Check ASM: ..................... no

      API documentation: ............. yes
      Extra programs: ................ yes
------------------------------------------------------------------------

 Type "make; make install" to compile and install
 Type "make check" to run the test suite


## ---------------- ##
## Cache variables. ##
## ---------------- ##

ac_cv_build=x86_64-pc-linux-gnu
ac_cv_c_compiler_gnu=yes
ac_cv_c_const=yes
ac_cv_c_inline=inline
ac_cv_c_restrict=__restrict
ac_cv_env_ARM_NEON_INTR_CFLAGS_set=
ac_cv_env_ARM_NEON_INTR_CFLAGS_value=
ac_cv_env_CCASFLAGS_set=
ac_cv_env_CCASFLAGS_value=
ac_cv_env_CCAS_set=
ac_cv_env_CCAS_value=
ac_cv_env_CC_set=
ac_cv_env_CC_value=
ac_cv_env_CFLAGS_set=
ac_cv_env_CFLAGS_value=
ac_cv_env_CPPFLAGS_set=
ac_cv_env_CPPFLAGS_value=
ac_cv_env_CPP_set=
ac_cv_env_CPP_value=
ac_cv_env_LDFLAGS_set=
ac_cv_env_LDFLAGS_value=
ac_cv_env_LIBS_set=
ac_cv_env_LIBS_value=
ac_cv_env_LT_SYS_LIBRARY_PATH_set=
ac_cv_env_LT_SYS_LIBRARY_PATH_value=
ac_cv_env_X86_AVX_CFLAGS_set=
ac_cv_env_X86_AVX_CFLAGS_value=
ac_cv_env_X86_SSE2_CFLAGS_set=
ac_cv_env_X86_SSE2_CFLAGS_value=
ac_cv_env_X86_SSE4_1_CFLAGS_set=
ac_cv_env_X86_SSE4_1_CFLAGS_value=
ac_cv_env_X86_SSE_CFLAGS_set=
ac_cv_env_X86_SSE_CFLAGS_value=
ac_cv_env_build_alias_set=
ac_cv_env_build_alias_value=
ac_cv_env_host_alias_set=
ac_cv_env_host_alias_value=
ac_cv_env_target_alias_set=
ac_cv_env_target_alias_value=
ac_cv_func___malloc_hook=yes
ac_cv_func_lrint=yes
ac_cv_func_lrintf=yes
ac_cv_header_dlfcn_h=yes
ac_cv_header_inttypes_h=yes
ac_cv_header_memory_h=yes
ac_cv_header_stdc=yes
ac_cv_header_stdint_h=yes
ac_cv_header_stdlib_h=yes
ac_cv_header_string_h=yes
ac_cv_header_strings_h=yes
ac_cv_header_sys_stat_h=yes
ac_cv_header_sys_types_h=yes
ac_cv_header_unistd_h=yes
ac_cv_host=x86_64-pc-linux-gnu
ac_cv_lib_m_cos=yes
ac_cv_objext=o
ac_cv_path_EGREP='/usr/bin/grep -E'
ac_cv_path_FGREP='/usr/bin/grep -F'
ac_cv_path_GREP=/usr/bin/grep
ac_cv_path_SED=/usr/bin/sed
ac_cv_path_install='/usr/bin/install -c'
ac_cv_path_lt_DD=/usr/bin/dd
ac_cv_path_mkdir=/usr/bin/mkdir
ac_cv_prog_AWK=gawk
ac_cv_prog_CPP='gcc -E'
ac_cv_prog_HAVE_DOT=no
ac_cv_prog_HAVE_DOXYGEN=no
ac_cv_prog_ac_ct_AR=ar
ac_cv_prog_ac_ct_CC=gcc
ac_cv_prog_ac_ct_OBJDUMP=objdump
ac_cv_prog_ac_ct_RANLIB=ranlib
ac_cv_prog_ac_ct_STRIP=strip
ac_cv_prog_cc_c89=
ac_cv_prog_cc_c99=
ac_cv_prog_cc_g=yes
ac_cv_prog_make_make_set=yes
am_cv_CCAS_dependencies_compiler_type=gcc3
am_cv_CC_dependencies_compiler_type=gcc3
am_cv_make_support_nested_variables=yes
am_cv_prog_cc_c_o=yes
lt_cv_ar_at_file=@
lt_cv_archive_cmds_need_lc=no
lt_cv_deplibs_check_method=pass_all
lt_cv_file_magic_cmd='$MAGIC_CMD'
lt_cv_file_magic_test_file=
lt_cv_ld_reload_flag=-r
lt_cv_nm_interface='BSD nm'
lt_cv_objdir=.libs
lt_cv_path_LD=/usr/bin/ld
lt_cv_path_NM='/usr/bin/nm -B'
lt_cv_path_mainfest_tool=no
lt_cv_prog_compiler_c_o=yes
lt_cv_prog_compiler_pic='-fPIC -DPIC'
lt_cv_prog_compiler_pic_works=yes
lt_cv_prog_compiler_rtti_exceptions=no
lt_cv_prog_compiler_static_works=yes
lt_cv_prog_gnu_ld=yes
lt_cv_sharedlib_from_linklib_cmd='printf %s\n'
lt_cv_shlibpath_overrides_runpath=no
lt_cv_sys_global_symbol_pipe='sed -n -e '\''s/^.*[	 ]\([ABCDGIRSTW][ABCDGIRSTW]*\)[	 ][	 ]*\([_A-Za-z][_A-Za-z0-9]*\)$/\1 \2 \2/p'\'' | sed '\''/ __gnu_lto/d'\'''
lt_cv_sys_global_symbol_to_c_name_address='sed -n -e '\''s/^: \(.*\) .*$/  {"\1", (void *) 0},/p'\'' -e '\''s/^[ABCDGIRSTW][ABCDGIRSTW]* .* \(.*\)$/  {"\1", (void *) \&\1},/p'\'''
lt_cv_sys_global_symbol_to_c_name_address_lib_prefix='sed -n -e '\''s/^: \(.*\) .*$/  {"\1", (void *) 0},/p'\'' -e '\''s/^[ABCDGIRSTW][ABCDGIRSTW]* .* \(lib.*\)$/  {"\1", (void *) \&\1},/p'\'' -e '\''s/^[ABCDGIRSTW][ABCDGIRSTW]* .* \(.*\)$/  {"lib\1", (void *) \&\1},/p'\'''
lt_cv_sys_global_symbol_to_cdecl='sed -n -e '\''s/^T .* \(.*\)$/extern int \1();/p'\'' -e '\''s/^[ABCDGIRSTW][ABCDGIRSTW]* .* \(.*\)$/extern char \1;/p'\'''
lt_cv_sys_global_symbol_to_import=
lt_cv_sys_max_cmd_len=1572864
lt_cv_to_host_file_cmd=func_convert_file_noop
lt_cv_to_tool_file_cmd=func_convert_file_noop
lt_cv_truncate_bin='/usr/bin/dd bs=4096 count=1'

## ----------------- ##
## Output variables. ##
## ----------------- ##

ACLOCAL='${SHELL} /home/vitaliyb/Downloads/opus-1.3/missing aclocal-1.15'
AMDEPBACKSLASH='\'
AMDEP_FALSE='#'
AMDEP_TRUE=''
AMTAR='$${TAR-tar}'
AM_BACKSLASH='\'
AM_DEFAULT_V='$(AM_DEFAULT_VERBOSITY)'
AM_DEFAULT_VERBOSITY='0'
AM_V='$(V)'
AR='ar'
ARM2GNU_PARAMS=''
ARM_NEON_INTR_CFLAGS='-mfpu=neon'
AUTOCONF='${SHELL} /home/vitaliyb/Downloads/opus-1.3/missing autoconf'
AUTOHEADER='${SHELL} /home/vitaliyb/Downloads/opus-1.3/missing autoheader'
AUTOMAKE='${SHELL} /home/vitaliyb/Downloads/opus-1.3/missing automake-1.15'
AWK='gawk'
CC='gcc'
CCAS='gcc'
CCASDEPMODE='depmode=gcc3'
CCASFLAGS='-g -O2'
CCDEPMODE='depmode=gcc3'
CFLAGS='-g -O2 -fvisibility=hidden -fstack-protector-strong -D_FORTIFY_SOURCE=2 -W -Wall -Wextra -Wcast-align -Wnested-externs -Wshadow -Wstrict-prototypes'
CPP='gcc -E'
CPPFLAGS=''
CPU_ARM_FALSE=''
CPU_ARM_TRUE='#'
CUSTOM_MODES_FALSE=''
CUSTOM_MODES_TRUE='#'
CYGPATH_W='echo'
DEFS='-DHAVE_CONFIG_H'
DEPDIR='.deps'
DISABLE_FLOAT_API_FALSE=''
DISABLE_FLOAT_API_TRUE='#'
DLLTOOL='false'
DSYMUTIL=''
DUMPBIN=''
ECHO_C=''
ECHO_N='-n'
ECHO_T=''
EGREP='/usr/bin/grep -E'
EXEEXT=''
EXTRA_PROGRAMS_FALSE='#'
EXTRA_PROGRAMS_TRUE=''
FGREP='/usr/bin/grep -F'
FIXED_POINT_FALSE=''
FIXED_POINT_TRUE='#'
GREP='/usr/bin/grep'
HAVE_ARM_NE10=''
HAVE_ARM_NE10_FALSE=''
HAVE_ARM_NE10_TRUE='#'
HAVE_ARM_NEON_INTR_FALSE=''
HAVE_ARM_NEON_INTR_TRUE='#'
HAVE_AVX_FALSE='#'
HAVE_AVX_TRUE=''
HAVE_DOT='no'
HAVE_DOXYGEN='no'
HAVE_DOXYGEN_FALSE=''
HAVE_DOXYGEN_TRUE='#'
HAVE_PERL=''
HAVE_SSE2_FALSE='#'
HAVE_SSE2_TRUE=''
HAVE_SSE4_1_FALSE='#'
HAVE_SSE4_1_TRUE=''
HAVE_SSE_FALSE='#'
HAVE_SSE_TRUE=''
INSTALL_DATA='${INSTALL} -m 644'
INSTALL_PROGRAM='${INSTALL}'
INSTALL_SCRIPT='${INSTALL}'
INSTALL_STRIP_PROGRAM='$(install_sh) -c -s'
LD='/usr/bin/ld -m elf_x86_64'
LDFLAGS=''
LIBM='-lm'
LIBOBJS=''
LIBS=''
LIBTOOL='$(SHELL) $(top_builddir)/libtool'
LIPO=''
LN_S='ln -s'
LTLIBOBJS=''
LT_SYS_LIBRARY_PATH=''
MAINT=''
MAINTAINER_MODE_FALSE='#'
MAINTAINER_MODE_TRUE=''
MAKEINFO='${SHELL} /home/vitaliyb/Downloads/opus-1.3/missing makeinfo'
MANIFEST_TOOL=':'
MKDIR_P='/usr/bin/mkdir -p'
NE10_CFLAGS=''
NE10_LIBS=''
NM='/usr/bin/nm -B'
NMEDIT=''
OBJDUMP='objdump'
OBJEXT='o'
OPUS_ARM_EXTERNAL_ASM_FALSE=''
OPUS_ARM_EXTERNAL_ASM_TRUE='#'
OPUS_ARM_INLINE_ASM_FALSE=''
OPUS_ARM_INLINE_ASM_TRUE='#'
OPUS_ARM_MAY_HAVE_EDSP=''
OPUS_ARM_MAY_HAVE_MEDIA=''
OPUS_ARM_MAY_HAVE_NEON=''
OPUS_ARM_NEON_INTR_CFLAGS=''
OPUS_HAVE_RTCD='1'
OPUS_LT_AGE='7'
OPUS_LT_CURRENT='7'
OPUS_LT_REVISION='0'
OPUS_X86_AVX_CFLAGS='-mavx'
OPUS_X86_SSE2_CFLAGS=''
OPUS_X86_SSE4_1_CFLAGS='-msse4.1'
OPUS_X86_SSE_CFLAGS=''
OTOOL64=''
OTOOL=''
PACKAGE='opus'
PACKAGE_BUGREPORT='opus@xiph.org'
PACKAGE_NAME='opus'
PACKAGE_STRING='opus 1.3'
PACKAGE_TARNAME='opus'
PACKAGE_URL=''
PACKAGE_VERSION='1.3'
PATH_SEPARATOR=':'
PC_BUILD='floating-point'
RANLIB='ranlib'
SED='/usr/bin/sed'
SET_MAKE=''
SHELL='/bin/sh'
STRIP='strip'
VERSION='1.3'
X86_AVX_CFLAGS='-mavx'
X86_SSE2_CFLAGS='-msse2'
X86_SSE4_1_CFLAGS='-msse4.1'
X86_SSE_CFLAGS='-msse'
ac_ct_AR='ar'
ac_ct_CC='gcc'
ac_ct_DUMPBIN=''
am__EXEEXT_FALSE=''
am__EXEEXT_TRUE='#'
am__fastdepCCAS_FALSE='#'
am__fastdepCCAS_TRUE=''
am__fastdepCC_FALSE='#'
am__fastdepCC_TRUE=''
am__include='include'
am__isrc=''
am__leading_dot='.'
am__nodep='_no'
am__quote=''
am__tar='$${TAR-tar} chof - "$$tardir"'
am__untar='$${TAR-tar} xf -'
bindir='${exec_prefix}/bin'
build='x86_64-pc-linux-gnu'
build_alias=''
build_cpu='x86_64'
build_os='linux-gnu'
build_vendor='pc'
datadir='${datarootdir}'
datarootdir='${prefix}/share'
docdir='${datarootdir}/doc/${PACKAGE_TARNAME}'
dvidir='${docdir}'
exec_prefix='${prefix}'
host='x86_64-pc-linux-gnu'
host_alias=''
host_cpu='x86_64'
host_os='linux-gnu'
host_vendor='pc'
htmldir='${docdir}'
includedir='${prefix}/include'
infodir='${datarootdir}/info'
install_sh='${SHELL} /home/vitaliyb/Downloads/opus-1.3/install-sh'
libdir='${exec_prefix}/lib'
libexecdir='${exec_prefix}/libexec'
localedir='${datarootdir}/locale'
localstatedir='${prefix}/var'
mandir='${datarootdir}/man'
mkdir_p='$(MKDIR_P)'
oldincludedir='/usr/include'
pdfdir='${docdir}'
prefix='/usr/local'
program_transform_name='s,x,x,'
psdir='${docdir}'
sbindir='${exec_prefix}/sbin'
sharedstatedir='${prefix}/com'
sysconfdir='${prefix}/etc'
target_alias=''

## ----------- ##
## confdefs.h. ##
## ----------- ##

/* confdefs.h */
#define PACKAGE_NAME "opus"
#define PACKAGE_TARNAME "opus"
#define PACKAGE_VERSION "1.3"
#define PACKAGE_STRING "opus 1.3"
#define PACKAGE_BUGREPORT "opus@xiph.org"
#define PACKAGE_URL ""
#define STDC_HEADERS 1
#define HAVE_SYS_TYPES_H 1
#define HAVE_SYS_STAT_H 1
#define HAVE_STDLIB_H 1
#define HAVE_STRING_H 1
#define HAVE_MEMORY_H 1
#define HAVE_STRINGS_H 1
#define HAVE_INTTYPES_H 1
#define HAVE_STDINT_H 1
#define HAVE_UNISTD_H 1
#define HAVE_DLFCN_H 1
#define LT_OBJDIR ".libs/"
#define OPUS_BUILD /**/
#define restrict __restrict
#define VAR_ARRAYS 1
#define OPUS_X86_MAY_HAVE_SSE 1
#define OPUS_X86_PRESUME_SSE 1
#define OPUS_X86_MAY_HAVE_SSE2 1
#define OPUS_X86_PRESUME_SSE2 1
#define OPUS_X86_MAY_HAVE_SSE4_1 1
#define OPUS_X86_MAY_HAVE_AVX 1
#define CPU_INFO_BY_ASM 1
#define OPUS_HAVE_RTCD 1
#define ENABLE_HARDENING 1
#define HAVE_LRINTF 1
#define HAVE_LRINT 1
#define HAVE___MALLOC_HOOK 1

configure: exit 0
